[2026-03-21T16:28:57.336Z] Plugin initialized: 3 commands [
  "plannotator-review",
  "plannotator-last",
  "plannotator-annotate"
]
[2026-03-21T16:28:57.411Z] Registered /subtask command
[2026-03-21T16:28:59.282Z] message-hooks: ENTRY msgCount=10, sessions=ses_2eec692c8ffeEg4dHwsl71hrwT
[2026-03-21T16:28:59.282Z] message-hooks: MESSAGES: [0]user: text:""# Maestro System Context

You are **Cla..." | [1]user: text:"<available-skills>
Use the use_skill, re..."(syn) | [2]assistant: step-start, text:"I'll review both the shared-context work...", tool:completed, tool:completed, tool:completed, step-finish, patch | [3]assistant: step-start, tool:completed, tool:completed, tool:completed, step-finish | [4]assistant: step-start, tool:completed, tool:completed, step-finish | [5]assistant: step-start, tool:completed, tool:completed, step-finish | [6]assistant: step-start, tool:completed, tool:completed, step-finish | [7]assistant: step-start, text:"Here's a consolidated summary of everyth...", step-finish | [8]user: text:""Provide a brief synopsis of what you ju..." | [9]user: text:"<skill-evaluation-required>
SKILL EVALUA..."(syn)
[2026-03-21T16:28:59.282Z] message-hooks: post-filter, msgCount=10
[2026-03-21T16:28:59.282Z] message-hooks: about to search for OPENCODE_GENERIC
[2026-03-21T16:28:59.282Z] message-hooks: searching 10 messages for OPENCODE_GENERIC
[2026-03-21T16:28:59.282Z] message-hooks: found synthetic text at [1]: "<available-skills>
Use the use_skill, read_skill_f..." matches=false
[2026-03-21T16:28:59.282Z] message-hooks: found synthetic text at [9]: "<skill-evaluation-required>
SKILL EVALUATION PROCE..." matches=false
[2026-03-21T16:28:59.282Z] message-hooks: generic search complete, found=false, index=-1
[2026-03-21T16:28:59.282Z] message-hooks: no generic part found, checking for pending prompt return
[2026-03-21T16:29:08.312Z] session.idle: sessionID=ses_2eec692c8ffeEg4dHwsl71hrwT
